<?xml version="1.0" encoding="UTF-8"?>
<!-- Generated by org.testng.reporters.JUnitReportReporter -->
<testsuite hostname="MOHIT" failures="0" tests="5" name="Test.MXApp" time="62.884" errors="0" timestamp="2024-12-02T13:53:26 IST" skipped="0">
  <testcase classname="Test.MXApp" name="testgeneralStore" time="0.018"/>
  <system-out/>
  <testcase classname="Test.MXApp" name="Touch" time="15.145"/>
  <system-out/>
  <testcase classname="Test.MXApp" name="scrolll" time="27.511"/>
  <system-out/>
  <testcase classname="Test.MXApp" name="click" time="13.199"/>
  <system-out/>
  <testcase classname="Test.MXApp" name="send" time="7.011"/>
  <system-out/>
</testsuite> <!-- Test.MXApp -->
